Command line:
   TB_and_isim_beh.exe
     -simmode  gui
     -simrunnum  0
     -socket  53490

Wed Aug 20 22:39:27 2025


 Elaboration Time: 0.0625 sec

 Current Memory Usage: 5467.14 Meg

 Total Signals          : 17
 Total Nets             : 16
 Total Signal Drivers   : 8
 Total Blocks           : 3
 Total Primitive Blocks : 2
 Total Processes        : 10
 Total Traceable Variables  : 20
 Total Scalar Nets and Variables : 98
Total Line Count : 28

 Total Simulation Time: 0.15625 sec

 Current Memory Usage: 5467.14 Meg

Wed Aug 20 22:39:41 2025

